GROMACS:    gmx mdrun, VERSION 5.0.4

GROMACS is written by:
Emile Apol         Rossen Apostolov   Herman J.C. Berendsen Par Bjelkmar       
Aldert van Buuren  Rudi van Drunen    Anton Feenstra     Sebastian Fritsch  
Gerrit Groenhof    Christoph Junghans Peter Kasson       Carsten Kutzner    
Per Larsson        Justin A. Lemkul   Magnus Lundborg    Pieter Meulenhoff  
Erik Marklund      Teemu Murtola      Szilard Pall       Sander Pronk       
Roland Schulz      Alexey Shvetsov    Michael Shirts     Alfons Sijbers     
Peter Tieleman     Christian Wennberg Maarten Wolf       
and the project leaders:
Mark Abraham, Berk Hess, Erik Lindahl, and David van der Spoel

Copyright (c) 1991-2000, University of Groningen, The Netherlands.
Copyright (c) 2001-2014, The GROMACS development team at
Uppsala University, Stockholm University and
the Royal Institute of Technology, Sweden.
check out http://www.gromacs.org for more information.

GROMACS is free software; you can redistribute it and/or modify it
under the terms of the GNU Lesser General Public License
as published by the Free Software Foundation; either version 2.1
of the License, or (at your option) any later version.

GROMACS:      gmx mdrun, VERSION 5.0.4
Executable:   /home/gsosso/CODES/GROMACS/gromacs-5.0.4/BIN_MPI/bin/gmx_mpi
Library dir:  /home/gsosso/CODES/GROMACS/gromacs-5.0.4/BIN_MPI/share/gromacs/top
Command line:
  mdrun_mpi -ntomp 1 -maxh 1


Back Off! I just backed up md.log to ./#md.log.1#
Reading file topol.tpr, VERSION 5.0.4 (single precision)
Using 4 MPI processes
Using 1 OpenMP thread per MPI process

NOTE: The number of threads is not equal to the number of (logical) cores
      and the -pin option is set to auto: will not pin thread to cores.
      This can lead to significant performance degradation.
      Consider using -pin on (and -pinoffset in case you run multiple jobs).


Steepest Descents:
   Tolerance (Fmax)   =  1.00000e+01
   Number of steps    =        50000

writing lowest energy coordinates.

Steepest Descents converged to Fmax < 10 in 1413 steps
Potential Energy  = -8.4463336e+04
Maximum force     =  9.3489723e+00 on atom 5194
Norm of force     =  2.2497447e+00

gcq#232: "Right Now My Job is Eating These Doughnuts" (Bodycount)

