
[FLAG_Z_LAYER_REMOVE] ON. Removing all OW below 23.5


******************************************************
* FINDING OPTIMAL RADIUS TO ACCOMODATE 500 MOLECULES *
******************************************************

i N_SOL R
1 534 19.9647271233
2 530 19.9147271233
3 526 19.8647271233
4 524 19.8147271233
5 524 19.7647271233
6 524 19.7147271233
7 520 19.6647271233
8 518 19.6147271233
9 518 19.5647271233
10 516 19.5147271233
11 512 19.4647271233
12 504 19.4147271233
13 501 19.3647271233
14 498 19.3147271233
[CONVERGENCE REACHED]

R   N_SOL   N_LATTICE
19.3647271233 501 162
