GROMACS:    gmx grompp, VERSION 5.0.4

GROMACS is written by:
Emile Apol         Rossen Apostolov   Herman J.C. Berendsen Par Bjelkmar       
Aldert van Buuren  Rudi van Drunen    Anton Feenstra     Sebastian Fritsch  
Gerrit Groenhof    Christoph Junghans Peter Kasson       Carsten Kutzner    
Per Larsson        Justin A. Lemkul   Magnus Lundborg    Pieter Meulenhoff  
Erik Marklund      Teemu Murtola      Szilard Pall       Sander Pronk       
Roland Schulz      Alexey Shvetsov    Michael Shirts     Alfons Sijbers     
Peter Tieleman     Christian Wennberg Maarten Wolf       
and the project leaders:
Mark Abraham, Berk Hess, Erik Lindahl, and David van der Spoel

Copyright (c) 1991-2000, University of Groningen, The Netherlands.
Copyright (c) 2001-2014, The GROMACS development team at
Uppsala University, Stockholm University and
the Royal Institute of Technology, Sweden.
check out http://www.gromacs.org for more information.

GROMACS is free software; you can redistribute it and/or modify it
under the terms of the GNU Lesser General Public License
as published by the Free Software Foundation; either version 2.1
of the License, or (at your option) any later version.

GROMACS:      gmx grompp, VERSION 5.0.4
Executable:   /home/gsosso/CODES/GROMACS/gromacs-5.0.4/BIN_MPI/bin/gmx_mpi
Library dir:  /home/gsosso/CODES/GROMACS/gromacs-5.0.4/BIN_MPI/share/gromacs/top
Command line:
  grompp_mpi -n index.ndx -o topol.tpr -maxwarn 1


Back Off! I just backed up mdout.mdp to ./#mdout.mdp.1#

WARNING 1 [file grompp.mdp]:
  With PME and ewald_geometry = 3dc you should use pbc = xy

Setting the LD random seed to 2299628855
Generated 74671 of the 74691 non-bonded parameter combinations
Generating 1-4 interactions: fudge = 1
Generated 48305 of the 74691 1-4 parameter combinations
Excluding 2 bonded neighbours molecule type 'SOL'
Cleaning up constraints and constant bonded interactions with virtual sites
Removing all charge groups because cutoff-scheme=Verlet
Number of degrees of freedom in T-Coupling group rest is 0.00
Estimate for the relative computational load of the PME mesh part: 0.98

NOTE 1 [file grompp.mdp]:
  The optimal PME mesh load for parallel simulations is below 0.5
  and for highly parallel simulations between 0.25 and 0.33,
  for higher performance, increase the cut-off and the PME grid spacing.



There was 1 note

There was 1 warning

Back Off! I just backed up topol.tpr to ./#topol.tpr.1#

gcq#188: "How Do You Like Your Vacation So Far ?" (Speed 2 - Cruise Control)

turning H bonds into constraints...
Calculating fourier grid dimensions for X Y Z
Using a fourier grid of 72x64x144, spacing 0.092 0.098 0.097
This run will generate roughly 0 Mb of data
